<?xml version="1.0" encoding="UTF-8"?>
<!-- Generated by org.testng.reporters.JUnitXMLReporter -->
<testsuite hostname="Lenovo-PC" ignored="0" name="Default test(failed)" tests="1" failures="1" timestamp="04 Oct 2020 08:16:03 GMT" time="17.549" errors="0">
  <testcase name="verifyVersion" time="2.017" classname="Com_ActiTime__Test.VerifyVersionTest">
    <failure type="java.lang.AssertionError" message="The following asserts failed:
	expected [Version 2020] but found [actiTIME 2020 Online]">
      <![CDATA[java.lang.AssertionError: The following asserts failed:
expected [Version 2020] but found [actiTIME 2020 Online]
at Com_ActiTime__Test.VerifyVersionTest.verifyVersion(VerifyVersionTest.java:22)
... Removed 26 stack frames]]>
    </failure>
  </testcase> <!-- verifyVersion -->
</testsuite> <!-- Default test(failed) -->
