<?xml version="1.0" encoding="UTF-8"?>
<!-- Generated by org.testng.reporters.JUnitXMLReporter -->
<testsuite hostname="Lenovo-PC" ignored="0" name="Test" tests="3" failures="1" timestamp="05 Oct 2020 06:39:22 GMT" time="59.343" errors="0">
  <testcase name="loginLogout" time="11.276" classname="Com_ActiTime__Test.ValidLoginLogoutTest"/>
  <testcase name="invalidLogin" time="8.9" classname="Com_ActiTime__Test.InvalidLoginTest"/>
  <testcase name="verifyVersion" time="0.521" classname="Com_ActiTime__Test.VerifyVersionTest">
    <failure type="java.lang.AssertionError" message="The following asserts failed:
	expected [Version 2020] but found [actiTIME 2020 Online]">
      <![CDATA[java.lang.AssertionError: The following asserts failed:
expected [Version 2020] but found [actiTIME 2020 Online]
at Com_ActiTime__Test.VerifyVersionTest.verifyVersion(VerifyVersionTest.java:22)
... Removed 25 stack frames]]>
    </failure>
  </testcase> <!-- verifyVersion -->
</testsuite> <!-- Test -->
